<?xml version="1.0" encoding="UTF-8"?>
<testng-results skipped="0" failed="0" ignored="0" total="1" passed="1">
  <reporter-output>
  </reporter-output>
  <suite name="Default suite" duration-ms="13338" started-at="2019-04-16T07:13:54Z" finished-at="2019-04-16T07:14:08Z">
    <groups>
      <group name="cucumber">
        <method signature="SmokeTestRunner.feature(cucumber.api.testng.CucumberFeatureWrapper)[pri:0, instance:myRunner.SmokeTestRunner@148080bb]" name="feature" class="myRunner.SmokeTestRunner"/>
      </group> <!-- cucumber -->
    </groups>
    <test name="Default test" duration-ms="13338" started-at="2019-04-16T07:13:54Z" finished-at="2019-04-16T07:14:08Z">
      <class name="myRunner.SmokeTestRunner">
        <test-method status="PASS" signature="setUpClass()[pri:0, instance:myRunner.SmokeTestRunner@148080bb]" name="setUpClass" is-config="true" duration-ms="219" started-at="2019-04-16T07:13:54Z" finished-at="2019-04-16T07:13:54Z">
          <reporter-output>
          </reporter-output>
        </test-method> <!-- setUpClass -->
        <test-method status="PASS" signature="feature(cucumber.api.testng.CucumberFeatureWrapper)[pri:0, instance:myRunner.SmokeTestRunner@148080bb]" name="feature" duration-ms="12665" started-at="2019-04-16T07:13:54Z" description="Runs Cucumber Feature" data-provider="features" finished-at="2019-04-16T07:14:07Z">
          <params>
            <param index="0">
              <value>
                <![CDATA[HMS Login Feature]]>
              </value>
            </param>
          </params>
          <reporter-output>
          </reporter-output>
        </test-method> <!-- feature -->
        <test-method status="PASS" signature="tearDownClass()[pri:0, instance:myRunner.SmokeTestRunner@148080bb]" name="tearDownClass" is-config="true" duration-ms="390" started-at="2019-04-16T07:14:07Z" finished-at="2019-04-16T07:14:08Z">
          <reporter-output>
          </reporter-output>
        </test-method> <!-- tearDownClass -->
      </class> <!-- myRunner.SmokeTestRunner -->
    </test> <!-- Default test -->
  </suite> <!-- Default suite -->
</testng-results>
